-------------------------------------------------------------------------------
Test set: sqa.lab.UnitTestCipher
-------------------------------------------------------------------------------
Tests run: 2, Failures: 1, Errors: 0, Skipped: 0, Time elapsed: 0.048 s <<< FAILURE! -- in sqa.lab.UnitTestCipher
sqa.lab.UnitTestCipher.TestValid2 -- Time elapsed: 0.012 s <<< FAILURE!
org.opentest4j.AssertionFailedError: expected: <vriwzduh> but was: <invalid>
	at org.junit.jupiter.api.Assertions.assertEquals(Assertions.java:1199)
	at sqa.lab.UnitTestCipher.TestValid2(UnitTestCipher.java:17)

